<?xml version="1.0" encoding="UTF-8"?>
<!-- Generated by org.testng.reporters.JUnitXMLReporter -->
<testsuite ignored="1" hostname="Tarun" failures="0" tests="2" name="Test" time="5.491" errors="0" timestamp="2023-09-09T11:23:43 IST">
  <testcase classname="Unit_Testing_Tool.Google" name="googleCompany" time="5.398"/>
  <testcase classname="Unit_Testing_Tool.Infoysis" name="InfoysCompany" time="5.455"/>
  <testcase classname="Unit_Testing_Tool.wipro" name="wiproCompany" time="0.0">
    <ignored/>
  </testcase> <!-- wiproCompany -->
</testsuite> <!-- Test -->
