<?xml version="1.0" encoding="UTF-8"?>
<testng-results ignored="0" total="1" passed="1" failed="0" skipped="0">
  <reporter-output>
  </reporter-output>
  <suite started-at="2023-09-09T14:37:04 IST" name="Default suite" finished-at="2023-09-09T14:37:09 IST" duration-ms="4388">
    <groups>
      <group name="crm">
        <method signature="Google.googleCompany()[pri:0, instance:Unit_Testing_Tool.Google@157853da]" name="googleCompany" class="Unit_Testing_Tool.Google"/>
      </group> <!-- crm -->
    </groups>
    <test started-at="2023-09-09T14:37:04 IST" name="Default test" finished-at="2023-09-09T14:37:09 IST" duration-ms="4388">
      <class name="Unit_Testing_Tool.Google">
        <test-method signature="googleCompany()[pri:0, instance:Unit_Testing_Tool.Google@157853da]" started-at="2023-09-09T14:37:04 IST" name="googleCompany" finished-at="2023-09-09T14:37:09 IST" duration-ms="4362" status="PASS">
          <reporter-output>
          </reporter-output>
        </test-method> <!-- googleCompany -->
      </class> <!-- Unit_Testing_Tool.Google -->
    </test> <!-- Default test -->
  </suite> <!-- Default suite -->
</testng-results>
